Srv started at 9800.
[u'img_str']
{u'interface': ['0']}
jpg
./web_srv/load_images/2018-09-03 135050.jpg
['0']
<type 'unicode'>
{'result': ['ours', 'xunfei', 'baidu', 'tencent', 'google'], 'success': 1, 'filename': '1535953850'}
[u'img_str']
{u'interface': ['0']}
jpg
./web_srv/load_images/2018-09-03 135114.jpg
['0']
<type 'unicode'>
{'result': ['ours', 'xunfei', 'baidu', 'tencent', 'google'], 'success': 1, 'filename': '1535953874'}
[u'img_str']
{u'interface': ['0']}
png
./web_srv/load_images/2018-09-03 135148.jpg
['0']
<type 'unicode'>
{'result': ['ours', 'xunfei', 'baidu', 'tencent', 'google'], 'success': 1, 'filename': '1535953908'}
[u'img_str']
{u'interface': ['0']}
png
./web_srv/load_images/2018-09-03 135153.jpg
['0']
<type 'unicode'>
{'result': ['ours', 'xunfei', 'baidu', 'tencent', 'google'], 'success': 1, 'filename': '1535953913'}
[u'img_str']
{u'interface': ['0']}
png
./web_srv/load_images/2018-09-03 135158.jpg
['0']
<type 'unicode'>
{'result': ['ours', 'xunfei', 'baidu', 'tencent', 'google'], 'success': 1, 'filename': '1535953918'}
[u'img_str']
{u'interface': ['0']}
png
./web_srv/load_images/2018-09-03 135203.jpg
['0']
<type 'unicode'>
{'result': ['ours', 'xunfei', 'baidu', 'tencent', 'google'], 'success': 1, 'filename': '1535953923'}
[u'img_str']
{u'interface': ['0']}
png
./web_srv/load_images/2018-09-03 135208.jpg
['0']
<type 'unicode'>
{'result': ['ours', 'xunfei', 'baidu', 'tencent', 'google'], 'success': 1, 'filename': '1535953928'}
[u'img_str']
{u'interface': ['0']}
png
./web_srv/load_images/2018-09-03 135213.jpg
['0']
<type 'unicode'>
{'result': ['ours', 'xunfei', 'baidu', 'tencent', 'google'], 'success': 1, 'filename': '1535953933'}
[u'img_str']
{u'interface': ['0']}
png
./web_srv/load_images/2018-09-03 135218.jpg
['0']
<type 'unicode'>
{'result': ['ours', 'xunfei', 'baidu', 'tencent', 'google'], 'success': 1, 'filename': '1535953938'}
[u'img_str']
{u'interface': ['0']}
png
./web_srv/load_images/2018-09-03 135223.jpg
['0']
<type 'unicode'>
{'result': ['ours', 'xunfei', 'baidu', 'tencent', 'google'], 'success': 1, 'filename': '1535953943'}
[u'img_str']
{u'interface': ['0']}
png
./web_srv/load_images/2018-09-03 135228.jpg
['0']
<type 'unicode'>
{'result': ['ours', 'xunfei', 'baidu', 'tencent', 'google'], 'success': 1, 'filename': '1535953948'}
[u'img_str']
{u'interface': ['0']}
png
./web_srv/load_images/2018-09-03 135232.jpg
['0']
<type 'unicode'>
{'result': ['ours', 'xunfei', 'baidu', 'tencent', 'google'], 'success': 1, 'filename': '1535953952'}
[u'img_str']
{u'interface': ['0']}
png
./web_srv/load_images/2018-09-03 135237.jpg
['0']
<type 'unicode'>
{'result': ['ours', 'xunfei', 'baidu', 'tencent', 'google'], 'success': 1, 'filename': '1535953957'}
[u'img_str']
{u'interface': ['0']}
png
./web_srv/load_images/2018-09-03 135242.jpg
['0']
<type 'unicode'>
{'result': ['ours', 'xunfei', 'baidu', 'tencent', 'google'], 'success': 1, 'filename': '1535953962'}
[u'img_str']
{u'interface': ['0']}
png
./web_srv/load_images/2018-09-03 135439.jpg
['0']
<type 'unicode'>
{'result': ['ours', 'xunfei', 'baidu', 'tencent', 'google'], 'success': 1, 'filename': '1535954079'}
[u'img_str']
{u'interface': ['0']}
png
./web_srv/load_images/2018-09-03 140631.jpg
['0']
<type 'unicode'>
{'result': ['ours', 'xunfei', 'baidu', 'tencent', 'google'], 'success': 1, 'filename': '1535954791'}
[u'img_str']
{u'interface': ['0']}
png
./web_srv/load_images/2018-09-03 142233.jpg
['0']
<type 'unicode'>
{'result': ['ours', 'xunfei', 'baidu', 'tencent', 'google'], 'success': 1, 'filename': '1535955753'}
[u'img_str']
{u'interface': ['0']}
png
./web_srv/load_images/2018-09-03 142351.jpg
['0']
<type 'unicode'>
{'result': ['ours', 'xunfei', 'baidu', 'tencent', 'google'], 'success': 1, 'filename': '1535955831'}
[u'img_str']
{u'interface': ['0']}
png
./web_srv/load_images/2018-09-03 142441.jpg
['0']
<type 'unicode'>
{'result': ['ours', 'xunfei', 'baidu', 'tencent', 'google'], 'success': 1, 'filename': '1535955881'}
[u'img_str']
{u'interface': ['0']}
png
./web_srv/load_images/2018-09-03 142803.jpg
['0']
<type 'unicode'>
{'result': ['ours', 'xunfei', 'baidu', 'tencent', 'google'], 'success': 1, 'filename': '1535956083'}
[u'img_str']
{u'interface': ['0']}
png
./web_srv/load_images/2018-09-03 142829.jpg
['0']
<type 'unicode'>
{'result': ['ours', 'xunfei', 'baidu', 'tencent', 'google'], 'success': 1, 'filename': '1535956109'}
[u'img_str']
{u'interface': ['0']}
png
./web_srv/load_images/2018-09-03 142847.jpg
['0']
<type 'unicode'>
{'result': ['ours', 'xunfei', 'baidu', 'tencent', 'google'], 'success': 1, 'filename': '1535956127'}
[u'img_str']
{u'interface': ['0']}
png
./web_srv/load_images/2018-09-03 142908.jpg
['0']
<type 'unicode'>
{'result': ['ours', 'xunfei', 'baidu', 'tencent', 'google'], 'success': 1, 'filename': '1535956148'}
[u'img_str']
{u'interface': ['0']}
png
./web_srv/load_images/2018-09-03 143628.jpg
['0']
<type 'unicode'>
{'result': ['ours', 'xunfei', 'baidu', 'tencent', 'google'], 'success': 1, 'filename': '1535956588'}
[u'img_str']
{u'interface': ['0']}
png
./web_srv/load_images/2018-09-03 143758.jpg
['0']
<type 'unicode'>
{'result': ['ours', 'xunfei', 'baidu', 'tencent', 'google'], 'success': 1, 'filename': '1535956678'}
[u'img_str']
{u'interface': ['0']}
png
./web_srv/load_images/2018-09-03 144101.jpg
['0']
<type 'unicode'>
{'result': ['ours', 'xunfei', 'baidu', 'tencent', 'google'], 'success': 1, 'filename': '1535956861'}
[u'img_str']
{u'interface': ['0']}
png
./web_srv/load_images/2018-09-03 144214.jpg
['0']
<type 'unicode'>
{'result': ['ours', 'xunfei', 'baidu', 'tencent', 'google'], 'success': 1, 'filename': '1535956934'}
[u'img_str']
{u'interface': ['0']}
png
./web_srv/load_images/2018-09-03 144222.jpg
['0']
<type 'unicode'>
{'result': ['ours', 'xunfei', 'baidu', 'tencent', 'google'], 'success': 1, 'filename': '1535956942'}
[u'img_str']
{u'interface': ['0']}
png
./web_srv/load_images/2018-09-03 144241.jpg
['0']
<type 'unicode'>
{'result': ['ours', 'xunfei', 'baidu', 'tencent', 'google'], 'success': 1, 'filename': '1535956961'}
[u'img_str']
{u'interface': ['0']}
png
./web_srv/load_images/2018-09-03 144923.jpg
['0']
<type 'unicode'>
{'result': ['ours', 'xunfei', 'baidu', 'tencent', 'google'], 'success': 1, 'filename': '1535957363'}
[u'img_str']
{u'interface': ['0']}
png
./web_srv/load_images/2018-09-03 145030.jpg
['0']
<type 'unicode'>
{'result': ['ours', 'xunfei', 'baidu', 'tencent', 'google'], 'success': 1, 'filename': '1535957430'}
[u'img_str']
{u'interface': ['0']}
png
./web_srv/load_images/2018-09-03 145124.jpg
['0']
<type 'unicode'>
{'result': ['ours', 'xunfei', 'baidu', 'tencent', 'google'], 'success': 1, 'filename': '1535957484'}
[u'img_str']
{u'interface': ['0']}
png
./web_srv/load_images/2018-09-03 145223.jpg
['0']
<type 'unicode'>
{'result': ['ours', 'xunfei', 'baidu', 'tencent', 'google'], 'success': 1, 'filename': '1535957543'}
[u'img_str']
{u'interface': ['0']}
png
./web_srv/load_images/2018-09-03 145229.jpg
['0']
<type 'unicode'>
{'result': ['ours', 'xunfei', 'baidu', 'tencent', 'google'], 'success': 1, 'filename': '1535957549'}
[u'img_str']
{u'interface': ['0']}
png
./web_srv/load_images/2018-09-03 145234.jpg
['0']
<type 'unicode'>
{'result': ['ours', 'xunfei', 'baidu', 'tencent', 'google'], 'success': 1, 'filename': '1535957554'}
[u'img_str']
{u'interface': ['0']}
png
./web_srv/load_images/2018-09-03 151008.jpg
['0']
<type 'unicode'>
{'result': ['ours', 'xunfei', 'baidu', 'tencent', 'google'], 'success': 1, 'filename': '1535958608'}
[u'img_str']
{u'interface': ['0']}
png
./web_srv/load_images/2018-09-03 151254.jpg
['0']
<type 'unicode'>
{'result': ['ours', 'xunfei', 'baidu', 'tencent', 'google'], 'success': 1, 'filename': '1535958774'}
[u'img_str']
{u'interface': ['0']}
png
./web_srv/load_images/2018-09-03 151336.jpg
['0']
<type 'unicode'>
{'result': ['ours', 'xunfei', 'baidu', 'tencent', 'google'], 'success': 1, 'filename': '1535958816'}
[u'img_str']
{u'interface': ['0']}
png
./web_srv/load_images/2018-09-03 154546.jpg
['0']
<type 'unicode'>
{'result': ['ours', 'xunfei', 'baidu', 'tencent', 'google'], 'success': 1, 'filename': '1535960746'}
[u'img_str']
{u'interface': ['0']}
png
./web_srv/load_images/2018-09-03 154624.jpg
['0']
<type 'un